<?xml version="1.0" encoding="UTF-8"?>
<testng-results ignored="0" total="1" passed="1" failed="0" skipped="0">
  <reporter-output>
    <line>
      <![CDATA[Enterning the userid]]>
    </line>
    <line>
      <![CDATA[Enterning the password]]>
    </line>
    <line>
      <![CDATA[clicking on login button]]>
    </line>
    <line>
      <![CDATA[click on inventory]]>
    </line>
    <line>
      <![CDATA[click on products]]>
    </line>
    <line>
      <![CDATA[click on creat]]>
    </line>
    <line>
      <![CDATA[Enter the product name sucessfully]]>
    </line>
    <line>
      <![CDATA[click on update quntity]]>
    </line>
    <line>
      <![CDATA[Taking screenshot for updated qty]]>
    </line>
    <line>
      <![CDATA[update the product quntity sucessfully]]>
    </line>
    <line>
      <![CDATA[click on application icon]]>
    </line>
    <line>
      <![CDATA[nevigate to Manufacturing and click on Manufacturing]]>
    </line>
    <line>
      <![CDATA[click on creat button]]>
    </line>
    <line>
      <![CDATA[sending the oreder name]]>
    </line>
  </reporter-output>
  <suite started-at="2022-02-15T23:12:39 IST" name="Default suite" finished-at="2022-02-15T23:13:07 IST" duration-ms="28270">
    <groups>
    </groups>
    <test started-at="2022-02-15T23:12:39 IST" name="Default test" finished-at="2022-02-15T23:13:07 IST" duration-ms="28270">
      <class name="test_aspire.Aspire_inventory">
        <test-method is-config="true" signature="stratbrowser()[pri:0, instance:test_aspire.Aspire_inventory@20ccf40b]" started-at="2022-02-15T23:12:39 IST" name="stratbrowser" finished-at="2022-02-15T23:12:47 IST" duration-ms="7668" status="PASS">
          <reporter-output>
          </reporter-output>
        </test-method> <!-- stratbrowser -->
        <test-method is-config="true" signature="login_aspire()[pri:0, instance:test_aspire.Aspire_inventory@20ccf40b]" started-at="2022-02-15T23:12:47 IST" name="login_aspire" finished-at="2022-02-15T23:12:52 IST" duration-ms="5493" status="PASS">
          <reporter-output>
            <line>
              <![CDATA[Enterning the userid]]>
            </line>
            <line>
              <![CDATA[Enterning the password]]>
            </line>
            <line>
              <![CDATA[clicking on login button]]>
            </line>
            <line>
              <![CDATA[click on inventory]]>
            </line>
          </reporter-output>
        </test-method> <!-- login_aspire -->
        <test-method signature="Aspire_inventry_test()[pri:0, instance:test_aspire.Aspire_inventory@20ccf40b]" started-at="2022-02-15T23:12:52 IST" name="Aspire_inventry_test" finished-at="2022-02-15T23:13:07 IST" duration-ms="15046" status="PASS">
          <reporter-output>
            <line>
              <![CDATA[click on products]]>
            </line>
            <line>
              <![CDATA[click on creat]]>
            </line>
            <line>
              <![CDATA[Enter the product name sucessfully]]>
            </line>
            <line>
              <![CDATA[click on update quntity]]>
            </line>
            <line>
              <![CDATA[Taking screenshot for updated qty]]>
            </line>
            <line>
              <![CDATA[update the product quntity sucessfully]]>
            </line>
            <line>
              <![CDATA[click on application icon]]>
            </line>
            <line>
              <![CDATA[nevigate to Manufacturing and click on Manufacturing]]>
            </line>
            <line>
              <![CDATA[click on creat button]]>
            </line>
            <line>
              <![CDATA[sending the oreder name]]>
            </line>
          </reporter-output>
        </test-method> <!-- Aspire_inventry_test -->
      </class> <!-- test_aspire.Aspire_inventory -->
    </test> <!-- Default test -->
  </suite> <!-- Default suite -->
</testng-results>
